[22:22:36] [INIT] KubeJS 2001.6.3-build.52; MC 2001 forge
[22:22:36] [INIT] Loaded plugins:
[22:22:36] [INIT] - dev.latvian.mods.kubejs.forge.BuiltinKubeJSForgePlugin
[22:22:36] [INIT] - com.lowdragmc.lowdraglib.kjs.LDLibKubeJSPlugin
[22:22:36] [INIT] - dev.ftb.mods.ftbxmodcompat.ftbquests.kubejs.KubeJSIntegration
[22:22:36] [INIT] - dev.ftb.mods.ftbxmodcompat.ftbchunks.kubejs.FTBChunksKubeJSPlugin
[22:22:36] [INIT] - com.tom.createores.kubejs.KubeJSExcavation
[22:22:36] [INIT] - com.almostreliable.morejs.Plugin
[22:22:36] [INIT] - com.almostreliable.ponderjs.PonderJSPlugin
[22:22:36] [INIT] - com.gregtechceu.gtceu.integration.kjs.GregTechKubeJSPlugin
[22:22:39] [INFO] Loaded script server_scripts:postUnify/_before.js in 0.009 s
[22:22:39] [INFO] Loaded script server_scripts:postUnify/dust.js in 0.005 s
[22:22:39] [INFO] Loaded script server_scripts:postUnify/wires.js in 0.003 s
[22:22:39] [INFO] Loaded script server_scripts:postUnify/storage_blocks.js in 0.003 s
[22:22:39] [INFO] Loaded script server_scripts:postUnify/ingots.js in 0.007 s
[22:22:39] [INFO] Loaded script server_scripts:postUnify/nuggets.js in 0.003 s
[22:22:39] [INFO] Loaded script server_scripts:postUnify/raw_materials.js in 0.003 s
[22:22:39] [INFO] Loaded script server_scripts:postUnify/plates.js in 0.005 s
[22:22:39] [INFO] Loaded script server_scripts:postUnify/rods.js in 0.003 s
[22:22:39] [INFO] Loaded script server_scripts:postUnify/gears.js in 0.002 s
[22:22:39] [INFO] Loaded script server_scripts:conflicts.js in 0.001 s
[22:22:39] [INFO] Loaded script server_scripts:modpack/atm_alloys.js in 0.002 s
[22:22:39] [INFO] Loaded script server_scripts:modpack/atm_alloy_tools.js in 0.003 s
[22:22:39] [INFO] Loaded script server_scripts:modpack/atm_shard.js in 0.0 s
[22:22:39] [INFO] Loaded script server_scripts:modpack/atm_star.js in 0.001 s
[22:22:39] [INFO] Loaded script server_scripts:modpack/atm_star_creative.js in 0.005 s
[22:22:39] [INFO] Loaded script server_scripts:modpack/att_items.js in 0.002 s
[22:22:39] [INFO] Loaded script server_scripts:modpack/mini_portals.js in 0.002 s
[22:22:39] [INFO] Loaded script server_scripts:modpack/music_discs.js in 0.002 s
[22:22:39] [INFO] Loaded script server_scripts:modpack/patrick_star.js in 0.001 s
[22:22:39] [INFO] Loaded script server_scripts:mods/ad_astra/ad_astra.js in 0.0 s
[22:22:39] [INFO] Loaded script server_scripts:mods/ae/recipes.js in 0.0 s
[22:22:39] [INFO] Loaded script server_scripts:mods/angelring/angelring.js in 0.0 s
[22:22:39] [INFO] Loaded script server_scripts:mods/ars_nouveau/ars_nouveau.js in 0.0 s
[22:22:39] [INFO] Loaded script server_scripts:mods/buildinggadgets/recipes.js in 0.001 s
[22:22:39] [INFO] mods/chemlib/blocks.js#1: Loaded Java class 'com.smashingmods.chemlib.registry.ItemRegistry'
[22:22:39] [INFO] Loaded script server_scripts:mods/chemlib/blocks.js in 0.006 s
[22:22:39] [INFO] Loaded script server_scripts:mods/computercraft/turtles.js in 0.001 s
[22:22:39] [INFO] Loaded script server_scripts:mods/create/create.js in 0.0 s
[22:22:39] [INFO] Loaded script server_scripts:mods/create/crushed_aluminum.js in 0.0 s
[22:22:39] [INFO] Loaded script server_scripts:mods/create/crushed_lead.js in 0.001 s
[22:22:39] [INFO] Loaded script server_scripts:mods/create/crushed_nickel.js in 0.0 s
[22:22:39] [INFO] Loaded script server_scripts:mods/create/crushed_osmium.js in 0.0 s
[22:22:39] [INFO] Loaded script server_scripts:mods/create/crushed_platinum.js in 0.0 s
[22:22:39] [INFO] Loaded script server_scripts:mods/create/crushed_silver.js in 0.001 s
[22:22:39] [INFO] Loaded script server_scripts:mods/create/crushed_tin.js in 0.0 s
[22:22:39] [INFO] Loaded script server_scripts:mods/create/crushed_uranium.js in 0.0 s
[22:22:39] [INFO] Loaded script server_scripts:mods/entangled/recipes.js in 0.0 s
[22:22:39] [INFO] Loaded script server_scripts:mods/er2/extremereactors2.js in 0.001 s
[22:22:39] [INFO] Loaded script server_scripts:mods/evilcraft/evilcraft.js in 0.001 s
[22:22:39] [INFO] mods/farmingforblockheads/market.js#60: Loaded Java class 'net.blay09.mods.farmingforblockheads.api.FarmingForBlockheadsAPI'
[22:22:39] [INFO] Loaded script server_scripts:mods/farmingforblockheads/market.js in 0.002 s
[22:22:39] [INFO] Loaded script server_scripts:mods/ftbquests/customTask.js in 0.001 s
[22:22:39] [INFO] mods/gtceu/mining_dim_ores.js#3: Loaded Java class 'com.gregtechceu.gtceu.api.data.worldgen.WorldGenLayers'
[22:22:39] [INFO] mods/gtceu/mining_dim_ores.js#4: Loaded Java class 'com.google.common.collect.HashBiMap'
[22:22:39] [INFO] mods/gtceu/mining_dim_ores.js#5: Loaded Java class 'com.gregtechceu.gtceu.api.data.worldgen.generator.VeinedVeinGenerator'
[22:22:39] [INFO] mods/gtceu/mining_dim_ores.js#6: Loaded Java class 'com.gregtechceu.gtceu.api.data.worldgen.generator.DikeVeinGenerator'
[22:22:39] [INFO] Loaded script server_scripts:mods/gtceu/mining_dim_ores.js in 0.025 s
[22:22:39] [INFO] Loaded script server_scripts:mods/gtceu/starforge_recipes.js in 0.003 s
[22:22:39] [INFO] Loaded script server_scripts:mods/industrialforegoing/fluid_extractor.js in 0.0 s
[22:22:39] [INFO] Loaded script server_scripts:mods/industrialforegoing/industrial_foregoing.js in 0.001 s
[22:22:39] [INFO] Loaded script server_scripts:mods/mekanism/mekanism.js in 0.001 s
[22:22:39] [INFO] Loaded script server_scripts:mods/mekanism/mekanismServer.js in 0.004 s
[22:22:39] [INFO] Loaded script server_scripts:mods/mininggadgets/upgrade.js in 0.001 s
[22:22:39] [INFO] Loaded script server_scripts:mods/mob_grinding_utils/recipes.js in 0.001 s
[22:22:39] [INFO] Loaded script server_scripts:mods/mysticalagriculture/crafting.js in 0.001 s
[22:22:39] [INFO] mods/mysticalagriculture/crops.js#1: Loaded Java class 'com.blakebr0.mysticalagriculture.registry.CropRegistry'
[22:22:39] [INFO] Loaded script server_scripts:mods/mysticalagriculture/crops.js in 0.007 s
[22:22:39] [INFO] Loaded script server_scripts:mods/quarryplus/quarrying.js in 0.001 s
[22:22:39] [INFO] Loaded script server_scripts:mods/reliquary/reliquary.js in 0.001 s
[22:22:39] [INFO] Loaded script server_scripts:mods/rftools/builder.js in 0.001 s
[22:22:39] [INFO] Loaded script server_scripts:mods/silent_gear/salvager.js in 0.001 s
[22:22:39] [INFO] Loaded script server_scripts:mods/structure_compass/structure_compass.js in 0.0 s
[22:22:39] [INFO] Loaded script server_scripts:mods/timeinabottle/recipes.js in 0.0 s
[22:22:39] [INFO] Loaded script server_scripts:mods/twilightforest/removals.js in 0.001 s
[22:22:39] [INFO] Loaded script server_scripts:tags.js in 0.001 s
[22:22:39] [INFO] Loaded script server_scripts:xpFluids.js in 0.0 s
[22:22:39] [INFO] Loaded 60/60 KubeJS server scripts in 0.168 s
[22:22:39] [INFO] Scripts loaded
[22:22:39] [INFO] Initializing recipe event...
[22:22:46] [INFO] [minecraft:block] Found 1739 tags, added 408 objects, removed 0 objects
[22:22:46] [INFO] [minecraft:item] Found 3948 tags, added 55 objects, removed 0 objects
[22:22:46] [INFO] [minecraft:fluid] Found 96 tags, added 0 objects, removed 8 objects
[22:22:46] [INFO] [minecraft:entity_type] Found 142 tags, added 60 objects, removed 0 objects
[22:23:06] [INFO] Processing recipes...
[22:23:07] [WARN] Failed to parse recipe 'productivebees:boxes/expansion_box_bop_fir[minecraft:crafting_shaped]'! Falling back to vanilla: ItemStack 'result' can't be empty!
[22:23:07] [WARN] Failed to parse recipe 'productivebees:boxes/expansion_box_bop_palm[minecraft:crafting_shaped]'! Falling back to vanilla: ItemStack 'result' can't be empty!
[22:23:07] [WARN] Failed to parse recipe 'productivebees:boxes/expansion_box_bop_cherry[minecraft:crafting_shaped]'! Falling back to vanilla: ItemStack 'result' can't be empty!
[22:23:07] [WARN] Failed to parse recipe 'productivebees:boxes/expansion_box_bop_dead[minecraft:crafting_shaped]'! Falling back to vanilla: ItemStack 'result' can't be empty!
[22:23:07] [WARN] Failed to parse recipe 'productivebees:boxes/expansion_box_bop_jacaranda[minecraft:crafting_shaped]'! Falling back to vanilla: ItemStack 'result' can't be empty!
[22:23:07] [WARN] Failed to parse recipe 'productivebees:boxes/expansion_box_bop_hellbark[minecraft:crafting_shaped]'! Falling back to vanilla: ItemStack 'result' can't be empty!
[22:23:07] [WARN] Failed to parse recipe 'twilightdelight:teardrop_sword[minecraft:smithing_transform]'! Falling back to vanilla: Ingredient 'template' can't be empty!
[22:23:07] [WARN] Failed to parse recipe 'productivebees:boxes/expansion_box_bop_magic[minecraft:crafting_shaped]'! Falling back to vanilla: ItemStack 'result' can't be empty!
[22:23:07] [WARN] Failed to parse recipe 'productivebees:boxes/expansion_box_bop_willow[minecraft:crafting_shaped]'! Falling back to vanilla: ItemStack 'result' can't be empty!
[22:23:07] [WARN] Failed to parse recipe 'productivebees:boxes/expansion_box_bop_redwood[minecraft:crafting_shaped]'! Falling back to vanilla: ItemStack 'result' can't be empty!
[22:23:07] [WARN] Failed to parse recipe 'productivebees:boxes/expansion_box_bop_umbran[minecraft:crafting_shaped]'! Falling back to vanilla: ItemStack 'result' can't be empty!
[22:23:07] [WARN] Failed to parse recipe 'productivebees:boxes/expansion_box_bop_mahogany[minecraft:crafting_shaped]'! Falling back to vanilla: ItemStack 'result' can't be empty!
[22:23:07] [INFO] Found 67054 recipes in 1.153 s
[22:23:10] [INFO] Posted recipe events in 2.332 s
[22:23:10] [WARN] Error parsing recipe mekanism:enriching/allthecompressed/red_sand/4x_to_4x_gravel[mekanism:enriching]: {"type":"mekanism:enriching","input":{"ingredient":{"item":"allthecompressed:red_sand_block_4x"}},"output":{"item":"allthecompressed:gravel_block_4x"},"conditions":[{"type":"forge:and","values":[{"type":"forge:not","value":{"type":"forge:mod_loaded","modid":"compressium"}},{"type":"forge:mod_loaded","modid":"mekanism"}]}]}: com.google.gson.JsonSyntaxException: Unknown item 'allthecompressed:red_sand_block_4x'
[22:23:10] [WARN] Error parsing recipe mekanism:crushing/allthecompressed/cobblestone/1x_to_1x_gravel[mekanism:crushing]: {"type":"mekanism:crushing","input":{"ingredient":{"item":"allthecompressed:cobblestone_block_1x"}},"output":{"item":"allthecompressed:gravel_block_1x"},"conditions":[{"type":"forge:and","values":[{"type":"forge:not","value":{"type":"forge:mod_loaded","modid":"compressium"}},{"type":"forge:mod_loaded","modid":"mekanism"}]}]}: com.google.gson.JsonSyntaxException: Unknown item 'allthecompressed:cobblestone_block_1x'
[22:23:10] [WARN] Error parsing recipe mekanism:crushing/allthecompressed/stone/9x_to_9x_cobblestone[mekanism:crushing]: {"type":"mekanism:crushing","input":{"ingredient":{"item":"allthecompressed:stone_block_9x"}},"output":{"item":"allthecompressed:cobblestone_block_9x"},"conditions":[{"type":"forge:and","values":[{"type":"forge:not","value":{"type":"forge:mod_loaded","modid":"compressium"}},{"type":"forge:mod_loaded","modid":"mekanism"}]}]}: com.google.gson.JsonSyntaxException: Unknown item 'allthecompressed:stone_block_9x'
[22:23:10] [WARN] Error parsing recipe productivebees:boxes/expansion_box_bop_jacaranda[minecraft:crafting_shaped]: {"type":"minecraft:crafting_shaped","pattern":["WWW","WCW","WWW"],"key":{"W":{"item":"biomesoplenty:jacaranda_planks"},"C":{"item":"minecraft:honeycomb"}},"result":{"item":"productivebees:expansion_box_bop_jacaranda"},"conditions":[{"type":"forge:mod_loaded","modid":"biomesoplenty"}]}: com.google.gson.JsonSyntaxException: Unknown item 'productivebees:expansion_box_bop_jacaranda'
[22:23:10] [WARN] Error parsing recipe mekanism:enriching/allthecompressed/red_sand/2x_to_2x_gravel[mekanism:enriching]: {"type":"mekanism:enriching","input":{"ingredient":{"item":"allthecompressed:red_sand_block_3x"}},"output":{"item":"allthecompressed:gravel_block_3x"},"conditions":[{"type":"forge:and","values":[{"type":"forge:not","value":{"type":"forge:mod_loaded","modid":"compressium"}},{"type":"forge:mod_loaded","modid":"mekanism"}]}]}: com.google.gson.JsonSyntaxException: Unknown item 'allthecompressed:red_sand_block_3x'
[22:23:10] [WARN] Error parsing recipe mekanism:enriching/allthecompressed/sand/8x_to_8x_gravel[mekanism:enriching]: {"type":"mekanism:enriching","input":{"ingredient":{"item":"allthecompressed:sand_block_8x"}},"output":{"item":"allthecompressed:gravel_block_8x"},"conditions":[{"type":"forge:and","values":[{"type":"forge:not","value":{"type":"forge:mod_loaded","modid":"compressium"}},{"type":"forge:mod_loaded","modid":"mekanism"}]}]}: com.google.gson.JsonSyntaxException: Unknown item 'allthecompressed:sand_block_8x'
[22:23:10] [WARN] Error parsing recipe productivebees:centrifuge/chemlib/honeycomb_americium_dust[productivebees:centrifuge]: {"type":"productivebees:centrifuge","conditions":[{"type":"forge:mod_loaded","modid":"chemlib"},{"type":"forge:mod_loaded","modid":"gtceu"},{"type":"productivebees:bee_exists","bee":"productivebees:americium"}],"ingredient":{"type":"forge:nbt","count":1,"item":"productivebees:configurable_honeycomb","nbt":"{EntityTag:{type:\"productivebees:americium\"}}"},"outputs":[{"item":{"tag":"forge:wax"}},{"chance":80,"item":{"item":"chemlib:americium_dust"}},{"amount":50,"fluid":{"tag":"forge:honey"}}]}: com.google.gson.JsonSyntaxException: Unknown item 'chemlib:americium_dust'
[22:23:10] [WARN] Error parsing recipe mekanism:enriching/allthecompressed/red_sand/8x_to_8x_gravel[mekanism:enriching]: {"type":"mekanism:enriching","input":{"ingredient":{"item":"allthecompressed:red_sand_block_8x"}},"output":{"item":"allthecompressed:gravel_block_8x"},"conditions":[{"type":"forge:and","values":[{"type":"forge:not","value":{"type":"forge:mod_loaded","modid":"compressium"}},{"type":"forge:mod_loaded","modid":"mekanism"}]}]}: com.google.gson.JsonSyntaxException: Unknown item 'allthecompressed:red_sand_block_8x'
[22:23:10] [WARN] Error parsing recipe allthemodium:mek_processing/vibranium/crystal/from_slurry[mekanism:crystallizing]: {"type":"mekanism:crystallizing","chemicalType":"slurry","input":{"amount":200,"slurry":"allthemodium:clean_vibranium"},"output":{"item":"allthemodium:vibranium_crystal"},"conditions":[{"type":"forge:mod_loaded","modid":"mekanism"}]}: com.google.gson.JsonSyntaxException: Invalid slurry type 'allthemodium:clean_vibranium'
[22:23:10] [WARN] Error parsing recipe mekanism:crushing/allthecompressed/gravel/3x_to_3x_sand[mekanism:crushing]: {"type":"mekanism:crushing","input":{"ingredient":{"item":"allthecompressed:gravel_block_3x"}},"output":{"item":"allthecompressed:sand_block_3x"},"conditions":[{"type":"forge:and","values":[{"type":"forge:not","value":{"type":"forge:mod_loaded","modid":"compressium"}},{"type":"forge:mod_loaded","modid":"mekanism"}]}]}: com.google.gson.JsonSyntaxException: Unknown item 'allthecompressed:gravel_block_3x'
[22:23:10] [WARN] Error parsing recipe mekanism:crushing/allthecompressed/gravel/5x_to_5x_sand[mekanism:crushing]: {"type":"mekanism:crushing","input":{"ingredient":{"item":"allthecompressed:gravel_block_5x"}},"output":{"item":"allthecompressed:sand_block_5x"},"conditions":[{"type":"forge:and","values":[{"type":"forge:not","value":{"type":"forge:mod_loaded","modid":"compressium"}},{"type":"forge:mod_loaded","modid":"mekanism"}]}]}: com.google.gson.JsonSyntaxException: Unknown item 'allthecompressed:gravel_block_5x'
[22:23:10] [WARN] Error parsing recipe allthemodium:mek_processing/unobtainium/crystal/from_slurry[mekanism:crystallizing]: {"type":"mekanism:crystallizing","chemicalType":"slurry","input":{"amount":200,"slurry":"allthemodium:clean_unobtainium"},"output":{"item":"allthemodium:unobtainium_crystal"},"conditions":[{"type":"forge:mod_loaded","modid":"mekanism"}]}: com.google.gson.JsonSyntaxException: Invalid slurry type 'allthemodium:clean_unobtainium'
[22:23:10] [WARN] Error parsing recipe mekanism:crushing/allthecompressed/gravel/7x_to_7x_sand[mekanism:crushing]: {"type":"mekanism:crushing","input":{"ingredient":{"item":"allthecompressed:gravel_block_7x"}},"output":{"item":"allthecompressed:sand_block_7x"},"conditions":[{"type":"forge:and","values":[{"type":"forge:not","value":{"type":"forge:mod_loaded","modid":"compressium"}},{"type":"forge:mod_loaded","modid":"mekanism"}]}]}: com.google.gson.JsonSyntaxException: Unknown item 'allthecompressed:gravel_block_7x'
[22:23:10] [WARN] Error parsing recipe railways:sequenced_assembly/track_biomesoplenty_cherry[create:sequenced_assembly]: {"fabric:load_conditions":[{"condition":"fabric:all_mods_loaded","values":["biomesoplenty"]}],"type":"create:sequenced_assembly","conditions":[{"type":"forge:mod_loaded","modid":"biomesoplenty"}],"ingredient":{"item":"biomesoplenty:cherry_slab"},"loops":1,"results":[{"item":"railways:track_biomesoplenty_cherry"}],"sequence":[{"type":"create:deploying","ingredients":[{"item":"railways:track_incomplete_biomesoplenty_cherry"},[{"tag":"railways:internal/nuggets/iron_nuggets"},{"tag":"railways:internal/nuggets/zinc_nuggets"}]],"results":[{"item":"railways:track_incomplete_biomesoplenty_cherry"}]},{"type":"create:deploying","ingredients":[{"item":"railways:track_incomplete_biomesoplenty_cherry"},[{"tag":"railways:internal/nuggets/iron_nuggets"},{"tag":"railways:internal/nuggets/zinc_nuggets"}]],"results":[{"item":"railways:track_incomplete_biomesoplenty_cherry"}]},{"type":"create:pressing","ingredients":[{"item":"railways:track_incomplete_biomesoplenty_cherry"}],"results":[{"item":"railways:track_incomplete_biomesoplenty_cherry"}]}],"transitionalItem":{"item":"railways:track_incomplete_biomesoplenty_cherry"}}: com.google.gson.JsonSyntaxException: Unknown item 'biomesoplenty:cherry_slab'
[22:23:10] [WARN] Error parsing recipe mekanism:enriching/allthecompressed/sand/4x_to_4x_gravel[mekanism:enriching]: {"type":"mekanism:enriching","input":{"ingredient":{"item":"allthecompressed:sand_block_4x"}},"output":{"item":"allthecompressed:gravel_block_4x"},"conditions":[{"type":"forge:and","values":[{"type":"forge:not","value":{"type":"forge:mod_loaded","modid":"compressium"}},{"type":"forge:mod_loaded","modid":"mekanism"}]}]}: com.google.gson.JsonSyntaxException: Unknown item 'allthecompressed:sand_block_4x'
[22:23:10] [WARN] Error parsing recipe create:cutting/compat/forbidden_arcanus/mysterywood_log[create:cutting]: {"type":"create:cutting","conditions":[{"type":"forge:mod_loaded","modid":"forbidden_arcanus"}],"ingredients":[{"item":"forbidden_arcanus:mysterywood_log"}],"processingTime":50,"results":[{"item":"forbidden_arcanus:stripped_mysterywood_log"}]}: com.google.gson.JsonSyntaxException: Unknown item 'forbidden_arcanus:mysterywood_log'
[22:23:10] [WARN] Error parsing recipe create:cutting/compat/blue_skies/stripped_cherry_log[create:cutting]: {"type":"create:cutting","conditions":[{"type":"forge:mod_loaded","modid":"blue_skies"}],"ingredients":[{"item":"blue_skies:stripped_cherry_log"}],"processingTime":50,"results":[{"count":6,"item":"blue_skies:cherry_planks"}]}: com.google.gson.JsonSyntaxException: Unknown item 'blue_skies:stripped_cherry_log'
[22:23:10] [WARN] Error parsing recipe powah:energizing/allthecompressed/blazing_crystal/1x[powah:energizing]: {"type":"powah:energizing","ingredients":[{"item":"allthecompressed:blaze_rod_block_1x"}],"energy":7290000,"result":{"item":"allthecompressed:blazing_crystal_block_1x"},"conditions":[{"type":"forge:mod_loaded","modid":"powah"}]}: com.google.gson.JsonSyntaxException: Unknown item 'allthecompressed:blaze_rod_block_1x'
[22:23:10] [WARN] Error parsing recipe powah:energizing/allthecompressed/blazing_crystal/2x[powah:energizing]: {"type":"powah:energizing","ingredients":[{"item":"allthecompressed:blaze_rod_block_2x"}],"energy":65610000,"result":{"item":"allthecompressed:blazing_crystal_block_2x"},"conditions":[{"type":"forge:mod_loaded","modid":"powah"}]}: com.google.gson.JsonSyntaxException: Unknown item 'allthecompressed:blaze_rod_block_2x'
[22:23:10] [WARN] Error parsing recipe powah:energizing/allthecompressed/blazing_crystal/3x[powah:energizing]: {"type":"powah:energizing","ingredients":[{"item":"allthecompressed:blaze_rod_block_3x"}],"energy":590490000,"result":{"item":"allthecompressed:blazing_crystal_block_3x"},"conditions":[{"type":"forge:mod_loaded","modid":"powah"}]}: com.google.gson.JsonSyntaxException: Unknown item 'allthecompressed:blaze_rod_block_3x'
[22:23:10] [WARN] Error parsing recipe mekanism:crushing/allthecompressed/stone/6x_to_6x_cobblestone[mekanism:crushing]: {"type":"mekanism:crushing","input":{"ingredient":{"item":"allthecompressed:stone_block_6x"}},"output":{"item":"allthecompressed:cobblestone_block_6x"},"conditions":[{"type":"forge:and","values":[{"type":"forge:not","value":{"type":"forge:mod_loaded","modid":"compressium"}},{"type":"forge:mod_loaded","modid":"mekanism"}]}]}: com.google.gson.JsonSyntaxException: Unknown item 'allthecompressed:stone_block_6x'
[22:23:10] [WARN] Error parsing recipe create:cutting/compat/forbidden_arcanus/stripped_mysterywood[create:cutting]: {"type":"create:cutting","conditions":[{"type":"forge:mod_loaded","modid":"forbidden_arcanus"}],"ingredients":[{"item":"forbidden_arcanus:stripped_mysterywood"}],"processingTime":50,"results":[{"count":6,"item":"forbidden_arcanus:mysterywood_planks"}]}: com.google.gson.JsonSyntaxException: Unknown item 'forbidden_arcanus:stripped_mysterywood'
[22:23:10] [WARN] Error parsing recipe productivebees:boxes/expansion_box_bop_dead[minecraft:crafting_shaped]: {"type":"minecraft:crafting_shaped","pattern":["WWW","WCW","WWW"],"key":{"W":{"item":"biomesoplenty:dead_planks"},"C":{"item":"minecraft:honeycomb"}},"result":{"item":"productivebees:expansion_box_bop_dead"},"conditions":[{"type":"forge:mod_loaded","modid":"biomesoplenty"}]}: com.google.gson.JsonSyntaxException: Unknown item 'productivebees:expansion_box_bop_dead'
[22:23:10] [WARN] Error parsing recipe mekanism:crushing/allthecompressed/gravel/8x_to_8x_sand[mekanism:crushing]: {"type":"mekanism:crushing","input":{"ingredient":{"item":"allthecompressed:gravel_block_8x"}},"output":{"item":"allthecompressed:sand_block_8x"},"conditions":[{"type":"forge:and","values":[{"type":"forge:not","value":{"type":"forge:mod_loaded","modid":"compressium"}},{"type":"forge:mod_loaded","modid":"mekanism"}]}]}: com.google.gson.JsonSyntaxException: Unknown item 'allthecompressed:gravel_block_8x'
[22:23:10] [WARN] Error parsing recipe productivebees:bee_conversion/enderio/infinity_bee[productivebees:bee_conversion]: {"type":"productivebees:bee_conversion","source":"productivebees:creeper_bee","result":"productivebees:infinity","item":{"item":"minecraft:flintandsteel"},"conditions":[{"type":"forge:mod_loaded","modid":"enderio"},{"type":"productivebees:bee_exists","bee":"productivebees:infinity"}]}: com.google.gson.JsonSyntaxException: Unknown item 'minecraft:flintandsteel'
[22:23:10] [WARN] Error parsing recipe mekanism:enriching/allthecompressed/sand/3x_to_3x_gravel[mekanism:enriching]: {"type":"mekanism:enriching","input":{"ingredient":{"item":"allthecompressed:sand_block_3x"}},"output":{"item":"allthecompressed:gravel_block_3x"},"conditions":[{"type":"forge:and","values":[{"type":"forge:not","value":{"type":"forge:mod_loaded","modid":"compressium"}},{"type":"forge:mod_loaded","modid":"mekanism"}]}]}: com.google.gson.JsonSyntaxException: Unknown item 'allthecompressed:sand_block_3x'
[22:23:10] [WARN] Error parsing recipe create:cutting/compat/blue_skies/cherry_wood[create:cutting]: {"type":"create:cutting","conditions":[{"type":"forge:mod_loaded","modid":"blue_skies"}],"ingredients":[{"item":"blue_skies:cherry_wood"}],"processingTime":50,"results":[{"item":"blue_skies:stripped_cherry_wood"}]}: com.google.gson.JsonSyntaxException: Unknown item 'blue_skies:cherry_wood'
[22:23:10] [WARN] Error parsing recipe mekanism:enriching/allthecompressed/sand/5x_to_5x_gravel[mekanism:enriching]: {"type":"mekanism:enriching","input":{"ingredient":{"item":"allthecompressed:sand_block_5x"}},"output":{"item":"allthecompressed:gravel_block_5x"},"conditions":[{"type":"forge:and","values":[{"type":"forge:not","value":{"type":"forge:mod_loaded","modid":"compressium"}},{"type":"forge:mod_loaded","modid":"mekanism"}]}]}: com.google.gson.JsonSyntaxException: Unknown item 'allthecompressed:sand_block_5x'
[22:23:10] [WARN] Error parsing recipe mekanism:crushing/allthecompressed/stone/4x_to_4x_cobblestone[mekanism:crushing]: {"type":"mekanism:crushing","input":{"ingredient":{"item":"allthecompressed:stone_block_4x"}},"output":{"item":"allthecompressed:cobblestone_block_4x"},"conditions":[{"type":"forge:and","values":[{"type":"forge:not","value":{"type":"forge:mod_loaded","modid":"compressium"}},{"type":"forge:mod_loaded","modid":"mekanism"}]}]}: com.google.gson.JsonSyntaxException: Unknown item 'allthecompressed:stone_block_4x'
[22:23:10] [WARN] Error parsing recipe mekanism:enriching/allthecompressed/red_sand/1x_to_1x_gravel[mekanism:enriching]: {"type":"mekanism:enriching","input":{"ingredient":{"item":"allthecompressed:red_sand_block_1x"}},"output":{"item":"allthecompressed:gravel_block_1x"},"conditions":[{"type":"forge:and","values":[{"type":"forge:not","value":{"type":"forge:mod_loaded","modid":"compressium"}},{"type":"forge:mod_loaded","modid":"mekanism"}]}]}: com.google.gson.JsonSyntaxException: Unknown item 'allthecompressed:red_sand_block_1x'
[22:23:10] [WARN] Error parsing recipe create:cutting/compat/forbidden_arcanus/stripped_cherrywood_log[create:cutting]: {"type":"create:cutting","conditions":[{"type":"forge:mod_loaded","modid":"forbidden_arcanus"}],"ingredients":[{"item":"forbidden_arcanus:stripped_cherrywood_log"}],"processingTime":50,"results":[{"count":6,"item":"forbidden_arcanus:cherrywood_planks"}]}: com.google.gson.JsonSyntaxException: Unknown item 'forbidden_arcanus:stripped_cherrywood_log'
[22:23:10] [WARN] Error parsing recipe railways:sequenced_assembly/track_biomesoplenty_cherry_wide[create:sequenced_assembly]: {"fabric:load_conditions":[{"condition":"fabric:all_mods_loaded","values":["biomesoplenty"]}],"type":"create:sequenced_assembly","conditions":[{"type":"forge:mod_loaded","modid":"biomesoplenty"}],"ingredient":{"item":"railways:track_biomesoplenty_cherry"},"loops":1,"results":[{"item":"railways:track_biomesoplenty_cherry_wide"}],"sequence":[{"type":"create:cutting","ingredients":[{"item":"railways:track_incomplete_biomesoplenty_cherry_wide"}],"results":[{"item":"railways:track_incomplete_biomesoplenty_cherry_wide"}]},{"type":"create:deploying","ingredients":[{"item":"railways:track_incomplete_biomesoplenty_cherry_wide"},{"item":"biomesoplenty:cherry_slab"}],"results":[{"item":"railways:track_incomplete_biomesoplenty_cherry_wide"}]},{"type":"create:pressing","ingredients":[{"item":"railways:track_incomplete_biomesoplenty_cherry_wide"}],"results":[{"item":"railways:track_incomplete_biomesoplenty_cherry_wide"}]}],"transitionalItem":{"item":"railways:track_incomplete_biomesoplenty_cherry_wide"}}: com.google.gson.JsonSyntaxException: Unknown item 'biomesoplenty:cherry_slab'
[22:23:10] [WARN] Error parsing recipe productivebees:boxes/expansion_box_bop_mahogany[minecraft:crafting_shaped]: {"type":"minecraft:crafting_shaped","pattern":["WWW","WCW","WWW"],"key":{"W":{"item":"biomesoplenty:mahogany_planks"},"C":{"item":"minecraft:honeycomb"}},"result":{"item":"productivebees:expansion_box_bop_mahogany"},"conditions":[{"type":"forge:mod_loaded","modid":"biomesoplenty"}]}: com.google.gson.JsonSyntaxException: Unknown item 'productivebees:expansion_box_bop_mahogany'
[22:23:10] [WARN] Error parsing recipe create:cutting/compat/forbidden_arcanus/stripped_cherrywood[create:cutting]: {"type":"create:cutting","conditions":[{"type":"forge:mod_loaded","modid":"forbidden_arcanus"}],"ingredients":[{"item":"forbidden_arcanus:stripped_cherrywood"}],"processingTime":50,"results":[{"count":6,"item":"forbidden_arcanus:cherrywood_planks"}]}: com.google.gson.JsonSyntaxException: Unknown item 'forbidden_arcanus:stripped_cherrywood'
[22:23:10] [WARN] Error parsing recipe productivebees:centrifuge/chemlib/honeycomb_darmstadtium_dust[productivebees:centrifuge]: {"type":"productivebees:centrifuge","conditions":[{"type":"forge:mod_loaded","modid":"chemlib"},{"type":"forge:mod_loaded","modid":"gtceu"},{"type":"productivebees:bee_exists","bee":"productivebees:darmstadtium"}],"ingredient":{"type":"forge:nbt","count":1,"item":"productivebees:configurable_honeycomb","nbt":"{EntityTag:{type:\"productivebees:darmstadtium\"}}"},"outputs":[{"item":{"tag":"forge:wax"}},{"chance":80,"item":{"item":"chemlib:darmstadtium_dust"}},{"amount":50,"fluid":{"tag":"forge:honey"}}]}: com.google.gson.JsonSyntaxException: Unknown item 'chemlib:darmstadtium_dust'
[22:23:10] [WARN] Error parsing recipe create:cutting/compat/biomesoplenty/cherry_log[create:cutting]: {"type":"create:cutting","conditions":[{"type":"forge:mod_loaded","modid":"biomesoplenty"}],"ingredients":[{"item":"biomesoplenty:cherry_log"}],"processingTime":50,"results":[{"item":"biomesoplenty:stripped_cherry_log"}]}: com.google.gson.JsonSyntaxException: Unknown item 'biomesoplenty:cherry_log'
[22:23:10] [WARN] Error parsing recipe create:cutting/compat/forbidden_arcanus/cherrywood[create:cutting]: {"type":"create:cutting","conditions":[{"type":"forge:mod_loaded","modid":"forbidden_arcanus"}],"ingredients":[{"item":"forbidden_arcanus:cherrywood"}],"processingTime":50,"results":[{"item":"forbidden_arcanus:stripped_cherrywood"}]}: com.google.gson.JsonSyntaxException: Unknown item 'forbidden_arcanus:cherrywood'
[22:23:10] [WARN] Error parsing recipe mekanism:crushing/allthecompressed/stone/3x_to_3x_cobblestone[mekanism:crushing]: {"type":"mekanism:crushing","input":{"ingredient":{"item":"allthecompressed:stone_block_3x"}},"output":{"item":"allthecompressed:cobblestone_block_3x"},"conditions":[{"type":"forge:and","values":[{"type":"forge:not","value":{"type":"forge:mod_loaded","modid":"compressium"}},{"type":"forge:mod_loaded","modid":"mekanism"}]}]}: com.google.gson.JsonSyntaxException: Unknown item 'allthecompressed:stone_block_3x'
[22:23:10] [WARN] Error parsing recipe productivebees:boxes/expansion_box_bop_umbran[minecraft:crafting_shaped]: {"type":"minecraft:crafting_shaped","pattern":["WWW","WCW","WWW"],"key":{"W":{"item":"biomesoplenty:umbran_planks"},"C":{"item":"minecraft:honeycomb"}},"result":{"item":"productivebees:expansion_box_bop_umbran"},"conditions":[{"type":"forge:mod_loaded","modid":"biomesoplenty"}]}: com.google.gson.JsonSyntaxException: Unknown item 'productivebees:expansion_box_bop_umbran'
[22:23:10] [WARN] Error parsing recipe mekanism:crushing/allthecompressed/cobblestone/9x_to_9x_gravel[mekanism:crushing]: {"type":"mekanism:crushing","input":{"ingredient":{"item":"allthecompressed:cobblestone_block_9x"}},"output":{"item":"allthecompressed:gravel_block_9x"},"conditions":[{"type":"forge:and","values":[{"type":"forge:not","value":{"type":"forge:mod_loaded","modid":"compressium"}},{"type":"forge:mod_loaded","modid":"mekanism"}]}]}: com.google.gson.JsonSyntaxException: Unknown item 'allthecompressed:cobblestone_block_9x'
[22:23:10] [WARN] Error parsing recipe railways:sequenced_assembly/track_blue_skies_cherry_narrow[create:sequenced_assembly]: {"fabric:load_conditions":[{"condition":"fabric:all_mods_loaded","values":["blue_skies"]}],"type":"create:sequenced_assembly","conditions":[{"type":"forge:mod_loaded","modid":"blue_skies"}],"ingredient":{"item":"blue_skies:cherry_slab"},"loops":1,"results":[{"item":"railways:track_blue_skies_cherry_narrow"}],"sequence":[{"type":"create:cutting","ingredients":[{"item":"railways:track_incomplete_blue_skies_cherry_narrow"}],"results":[{"item":"railways:track_incomplete_blue_skies_cherry_narrow"}]},{"type":"create:deploying","ingredients":[{"item":"railways:track_incomplete_blue_skies_cherry_narrow"},[{"tag":"railways:internal/nuggets/iron_nuggets"},{"tag":"railways:internal/nuggets/zinc_nuggets"}]],"results":[{"item":"railways:track_incomplete_blue_skies_cherry_narrow"}]},{"type":"create:pressing","ingredients":[{"item":"railways:track_incomplete_blue_skies_cherry_narrow"}],"results":[{"item":"railways:track_incomplete_blue_skies_cherry_narrow"}]}],"transitionalItem":{"item":"railways:track_incomplete_blue_skies_cherry_narrow"}}: com.google.gson.JsonSyntaxException: Unknown item 'blue_skies:cherry_slab'
[22:23:10] [WARN] Error parsing recipe productivebees:centrifuge/chemlib/honeycomb_silicium_dust[productivebees:centrifuge]: {"type":"productivebees:centrifuge","conditions":[{"type":"forge:mod_loaded","modid":"chemlib"},{"type":"forge:mod_loaded","modid":"gtceu"},{"type":"productivebees:bee_exists","bee":"productivebees:silicium"}],"ingredient":{"type":"forge:nbt","count":1,"item":"productivebees:configurable_honeycomb","nbt":"{EntityTag:{type:\"productivebees:silicium\"}}"},"outputs":[{"item":{"tag":"forge:wax"}},{"chance":80,"item":{"item":"chemlib:silicium_dust"}},{"amount":50,"fluid":{"tag":"forge:honey"}}]}: com.google.gson.JsonSyntaxException: Unknown item 'chemlib:silicium_dust'
[22:23:10] [WARN] Error parsing recipe allthemodium:mek_processing/unobtainium/slurry/dirty[mekanism:dissolution]: {"type":"mekanism:dissolution","itemInput":{"ingredient":{"tag":"forge:ores/unobtainium"}},"gasInput":{"amount":1,"gas":"mekanism:sulfuric_acid"},"output":{"slurry":"allthemodium:dirty_unobtainium","amount":1000,"chemicalType":"slurry"},"conditions":[{"type":"forge:mod_loaded","modid":"mekanism"}]}: com.google.gson.JsonSyntaxException: Invalid slurry type 'allthemodium:dirty_unobtainium'
[22:23:10] [WARN] Error parsing recipe allthemodium:mek_processing/vibranium/slurry/from_raw_ore[mekanism:dissolution]: {"type":"mekanism:dissolution","itemInput":{"amount":3,"ingredient":{"tag":"forge:raw_materials/vibranium"}},"gasInput":{"amount":1,"gas":"mekanism:sulfuric_acid"},"output":{"slurry":"allthemodium:dirty_vibranium","amount":2000,"chemicalType":"slurry"},"conditions":[{"type":"forge:mod_loaded","modid":"mekanism"}]}: com.google.gson.JsonSyntaxException: Invalid slurry type 'allthemodium:dirty_vibranium'
[22:23:10] [WARN] Error parsing recipe allthemodium:mek_processing/allthemodium/slurry/clean[mekanism:washing]: {"type":"mekanism:washing","fluidInput":{"amount":5,"tag":"minecraft:water"},"slurryInput":{"amount":1,"slurry":"allthemodium:dirty_allthemodium"},"output":{"slurry":"allthemodium:clean_allthemodium","amount":1},"conditions":[{"type":"forge:mod_loaded","modid":"mekanism"}]}: com.google.gson.JsonSyntaxException: Invalid slurry type 'allthemodium:dirty_allthemodium'
[22:23:10] [WARN] Error parsing recipe railways:sequenced_assembly/track_blue_skies_cherry_wide[create:sequenced_assembly]: {"fabric:load_conditions":[{"condition":"fabric:all_mods_loaded","values":["blue_skies"]}],"type":"create:sequenced_assembly","conditions":[{"type":"forge:mod_loaded","modid":"blue_skies"}],"ingredient":{"item":"railways:track_blue_skies_cherry"},"loops":1,"results":[{"item":"railways:track_blue_skies_cherry_wide"}],"sequence":[{"type":"create:cutting","ingredients":[{"item":"railways:track_incomplete_blue_skies_cherry_wide"}],"results":[{"item":"railways:track_incomplete_blue_skies_cherry_wide"}]},{"type":"create:deploying","ingredients":[{"item":"railways:track_incomplete_blue_skies_cherry_wide"},{"item":"blue_skies:cherry_slab"}],"results":[{"item":"railways:track_incomplete_blue_skies_cherry_wide"}]},{"type":"create:pressing","ingredients":[{"item":"railways:track_incomplete_blue_skies_cherry_wide"}],"results":[{"item":"railways:track_incomplete_blue_skies_cherry_wide"}]}],"transitionalItem":{"item":"railways:track_incomplete_blue_skies_cherry_wide"}}: com.google.gson.JsonSyntaxException: Unknown item 'blue_skies:cherry_slab'
[22:23:10] [WARN] Error parsing recipe allthemodium:mek_processing/allthemodium/crystal/from_slurry[mekanism:crystallizing]: {"type":"mekanism:crystallizing","chemicalType":"slurry","input":{"amount":200,"slurry":"allthemodium:clean_allthemodium"},"output":{"item":"allthemodium:allthemodium_crystal"},"conditions":[{"type":"forge:mod_loaded","modid":"mekanism"}]}: com.google.gson.JsonSyntaxException: Invalid slurry type 'allthemodium:clean_allthemodium'
[22:23:10] [WARN] Error parsing recipe powah:energizing/allthecompressed/blazing_crystal/block[powah:energizing]: {"type":"powah:energizing","ingredients":[{"item":"allthecompressed:blaze_rod_block"}],"energy":810000,"result":{"item":"powah:blazing_crystal_block"},"conditions":[{"type":"forge:and","values":[{"type":"forge:not","value":{"type":"forge:mod_loaded","modid":"botania"}},{"type":"forge:mod_loaded","modid":"powah"}]}]}: com.google.gson.JsonSyntaxException: Unknown item 'allthecompressed:blaze_rod_block'
[22:23:10] [WARN] Error parsing recipe pneumaticcraft:block_heat_properties/deeperdarker/geyser[pneumaticcraft:heat_properties]: {"type":"pneumaticcraft:heat_properties","block":"deeperdarker:geyser","temperature":2000,"thermalResistance":50,"conditions":[{"type":"forge:mod_loaded","modid":"pneumaticcraft"}]}: com.google.gson.JsonSyntaxException: unknown block id: deeperdarker:geyser
[22:23:10] [WARN] Error parsing recipe allthemodium:mek_processing/unobtainium/slurry/clean[mekanism:washing]: {"type":"mekanism:washing","fluidInput":{"amount":5,"tag":"minecraft:water"},"slurryInput":{"amount":1,"slurry":"allthemodium:dirty_unobtainium"},"output":{"slurry":"allthemodium:clean_unobtainium","amount":1},"conditions":[{"type":"forge:mod_loaded","modid":"mekanism"}]}: com.google.gson.JsonSyntaxException: Invalid slurry type 'allthemodium:dirty_unobtainium'
[22:23:10] [WARN] Error parsing recipe mekanism:crushing/allthecompressed/stone/7x_to_7x_cobblestone[mekanism:crushing]: {"type":"mekanism:crushing","input":{"ingredient":{"item":"allthecompressed:stone_block_7x"}},"output":{"item":"allthecompressed:cobblestone_block_7x"},"conditions":[{"type":"forge:and","values":[{"type":"forge:not","value":{"type":"forge:mod_loaded","modid":"compressium"}},{"type":"forge:mod_loaded","modid":"mekanism"}]}]}: com.google.gson.JsonSyntaxException: Unknown item 'allthecompressed:stone_block_7x'
[22:23:10] [WARN] Error parsing recipe mekanism:enriching/allthecompressed/sand/1x_to_1x_gravel[mekanism:enriching]: {"type":"mekanism:enriching","input":{"ingredient":{"item":"allthecompressed:sand_block_1x"}},"output":{"item":"allthecompressed:gravel_block_1x"},"conditions":[{"type":"forge:and","values":[{"type":"forge:not","value":{"type":"forge:mod_loaded","modid":"compressium"}},{"type":"forge:mod_loaded","modid":"mekanism"}]}]}: com.google.gson.JsonSyntaxException: Unknown item 'allthecompressed:sand_block_1x'
[22:23:10] [WARN] Error parsing recipe create_confectionery:ruby_chocolate_recipe_6[create:mixing]: {"group":"create_confectionery","type":"create:mixing","ingredients":[{"item":"create_confectionery:ruby_chocolate_brick_wall"}],"results":[{"fluid":"create_confectionery:ruby_chocolate","amount":1000}],"heatRequirement":"heated"}: com.google.gson.JsonSyntaxException: Unknown item 'create_confectionery:ruby_chocolate_brick_wall'
[22:23:10] [WARN] Error parsing recipe mekanism:crushing/allthecompressed/stone/5x_to_5x_cobblestone[mekanism:crushing]: {"type":"mekanism:crushing","input":{"ingredient":{"item":"allthecompressed:stone_block_5x"}},"output":{"item":"allthecompressed:cobblestone_block_5x"},"conditions":[{"type":"forge:and","values":[{"type":"forge:not","value":{"type":"forge:mod_loaded","modid":"compressium"}},{"type":"forge:mod_loaded","modid":"mekanism"}]}]}: com.google.gson.JsonSyntaxException: Unknown item 'allthecompressed:stone_block_5x'
[22:23:10] [WARN] Error parsing recipe create:cutting/compat/biomesoplenty/cherry_wood[create:cutting]: {"type":"create:cutting","conditions":[{"type":"forge:mod_loaded","modid":"biomesoplenty"}],"ingredients":[{"item":"biomesoplenty:cherry_wood"}],"processingTime":50,"results":[{"item":"biomesoplenty:stripped_cherry_wood"}]}: com.google.gson.JsonSyntaxException: Unknown item 'biomesoplenty:cherry_wood'
[22:23:10] [WARN] Error parsing recipe allthemodium:mek_processing/allthemodium/slurry/from_raw_ore[mekanism:dissolution]: {"type":"mekanism:dissolution","itemInput":{"amount":3,"ingredient":{"tag":"forge:raw_materials/allthemodium"}},"gasInput":{"amount":1,"gas":"mekanism:sulfuric_acid"},"output":{"slurry":"allthemodium:dirty_allthemodium","amount":2000,"chemicalType":"slurry"},"conditions":[{"type":"forge:mod_loaded","modid":"mekanism"}]}: com.google.gson.JsonSyntaxException: Invalid slurry type 'allthemodium:dirty_allthemodium'
[22:23:10] [WARN] Error parsing recipe productivebees:boxes/expansion_box_bop_hellbark[minecraft:crafting_shaped]: {"type":"minecraft:crafting_shaped","pattern":["WWW","WCW","WWW"],"key":{"W":{"item":"biomesoplenty:hellbark_planks"},"C":{"item":"minecraft:honeycomb"}},"result":{"item":"productivebees:expansion_box_bop_hellbark"},"conditions":[{"type":"forge:mod_loaded","modid":"biomesoplenty"}]}: com.google.gson.JsonSyntaxException: Unknown item 'productivebees:expansion_box_bop_hellbark'
[22:23:10] [WARN] Error parsing recipe allthemodium:mek_processing/vibranium/slurry/dirty[mekanism:dissolution]: {"type":"mekanism:dissolution","itemInput":{"ingredient":{"tag":"forge:ores/vibranium"}},"gasInput":{"amount":1,"gas":"mekanism:sulfuric_acid"},"output":{"slurry":"allthemodium:dirty_vibranium","amount":1000,"chemicalType":"slurry"},"conditions":[{"type":"forge:mod_loaded","modid":"mekanism"}]}: com.google.gson.JsonSyntaxException: Invalid slurry type 'allthemodium:dirty_vibranium'
[22:23:10] [WARN] Error parsing recipe create:cutting/compat/forbidden_arcanus/cherrywood_log[create:cutting]: {"type":"create:cutting","conditions":[{"type":"forge:mod_loaded","modid":"forbidden_arcanus"}],"ingredients":[{"item":"forbidden_arcanus:cherrywood_log"}],"processingTime":50,"results":[{"item":"forbidden_arcanus:stripped_cherrywood_log"}]}: com.google.gson.JsonSyntaxException: Unknown item 'forbidden_arcanus:cherrywood_log'
[22:23:10] [WARN] Error parsing recipe allthemodium:mek_processing/vibranium/slurry/clean[mekanism:washing]: {"type":"mekanism:washing","fluidInput":{"amount":5,"tag":"minecraft:water"},"slurryInput":{"amount":1,"slurry":"allthemodium:dirty_vibranium"},"output":{"slurry":"allthemodium:clean_vibranium","amount":1},"conditions":[{"type":"forge:mod_loaded","modid":"mekanism"}]}: com.google.gson.JsonSyntaxException: Invalid slurry type 'allthemodium:dirty_vibranium'
[22:23:10] [WARN] Error parsing recipe mekanism:crushing/allthecompressed/cobblestone/6x_to_6x_gravel[mekanism:crushing]: {"type":"mekanism:crushing","input":{"ingredient":{"item":"allthecompressed:cobblestone_block_6x"}},"output":{"item":"allthecompressed:gravel_block_6x"},"conditions":[{"type":"forge:and","values":[{"type":"forge:not","value":{"type":"forge:mod_loaded","modid":"compressium"}},{"type":"forge:mod_loaded","modid":"mekanism"}]}]}: com.google.gson.JsonSyntaxException: Unknown item 'allthecompressed:cobblestone_block_6x'
[22:23:10] [WARN] Error parsing recipe mekanism:crushing/allthecompressed/cobblestone/7x_to_7x_gravel[mekanism:crushing]: {"type":"mekanism:crushing","input":{"ingredient":{"item":"allthecompressed:cobblestone_block_7x"}},"output":{"item":"allthecompressed:gravel_block_7x"},"conditions":[{"type":"forge:and","values":[{"type":"forge:not","value":{"type":"forge:mod_loaded","modid":"compressium"}},{"type":"forge:mod_loaded","modid":"mekanism"}]}]}: com.google.gson.JsonSyntaxException: Unknown item 'allthecompressed:cobblestone_block_7x'
[22:23:10] [WARN] Error parsing recipe mekanism:enriching/allthecompressed/red_sand/9x_to_9x_gravel[mekanism:enriching]: {"type":"mekanism:enriching","input":{"ingredient":{"item":"allthecompressed:red_sand_block_9x"}},"output":{"item":"allthecompressed:gravel_block_9x"},"conditions":[{"type":"forge:and","values":[{"type":"forge:not","value":{"type":"forge:mod_loaded","modid":"compressium"}},{"type":"forge:mod_loaded","modid":"mekanism"}]}]}: com.google.gson.JsonSyntaxException: Unknown item 'allthecompressed:red_sand_block_9x'
[22:23:10] [WARN] Error parsing recipe mekanism:enriching/allthecompressed/sand/7x_to_7x_gravel[mekanism:enriching]: {"type":"mekanism:enriching","input":{"ingredient":{"item":"allthecompressed:sand_block_7x"}},"output":{"item":"allthecompressed:gravel_block_7x"},"conditions":[{"type":"forge:and","values":[{"type":"forge:not","value":{"type":"forge:mod_loaded","modid":"compressium"}},{"type":"forge:mod_loaded","modid":"mekanism"}]}]}: com.google.gson.JsonSyntaxException: Unknown item 'allthecompressed:sand_block_7x'
[22:23:10] [WARN] Error parsing recipe productivebees:boxes/expansion_box_bop_palm[minecraft:crafting_shaped]: {"type":"minecraft:crafting_shaped","pattern":["WWW","WCW","WWW"],"key":{"W":{"item":"biomesoplenty:palm_planks"},"C":{"item":"minecraft:honeycomb"}},"result":{"item":"productivebees:expansion_box_bop_palm"},"conditions":[{"type":"forge:mod_loaded","modid":"biomesoplenty"}]}: com.google.gson.JsonSyntaxException: Unknown item 'productivebees:expansion_box_bop_palm'
[22:23:10] [WARN] Error parsing recipe create:cutting/compat/forbidden_arcanus/mysterywood[create:cutting]: {"type":"create:cutting","conditions":[{"type":"forge:mod_loaded","modid":"forbidden_arcanus"}],"ingredients":[{"item":"forbidden_arcanus:mysterywood"}],"processingTime":50,"results":[{"item":"forbidden_arcanus:stripped_mysterywood"}]}: com.google.gson.JsonSyntaxException: Unknown item 'forbidden_arcanus:mysterywood'
[22:23:10] [WARN] Error parsing recipe create:cutting/compat/blue_skies/stripped_cherry_wood[create:cutting]: {"type":"create:cutting","conditions":[{"type":"forge:mod_loaded","modid":"blue_skies"}],"ingredients":[{"item":"blue_skies:stripped_cherry_wood"}],"processingTime":50,"results":[{"count":6,"item":"blue_skies:cherry_planks"}]}: com.google.gson.JsonSyntaxException: Unknown item 'blue_skies:stripped_cherry_wood'
[22:23:10] [WARN] Error parsing recipe railways:sequenced_assembly/track_blue_skies_cherry[create:sequenced_assembly]: {"fabric:load_conditions":[{"condition":"fabric:all_mods_loaded","values":["blue_skies"]}],"type":"create:sequenced_assembly","conditions":[{"type":"forge:mod_loaded","modid":"blue_skies"}],"ingredient":{"item":"blue_skies:cherry_slab"},"loops":1,"results":[{"item":"railways:track_blue_skies_cherry"}],"sequence":[{"type":"create:deploying","ingredients":[{"item":"railways:track_incomplete_blue_skies_cherry"},[{"tag":"railways:internal/nuggets/iron_nuggets"},{"tag":"railways:internal/nuggets/zinc_nuggets"}]],"results":[{"item":"railways:track_incomplete_blue_skies_cherry"}]},{"type":"create:deploying","ingredients":[{"item":"railways:track_incomplete_blue_skies_cherry"},[{"tag":"railways:internal/nuggets/iron_nuggets"},{"tag":"railways:internal/nuggets/zinc_nuggets"}]],"results":[{"item":"railways:track_incomplete_blue_skies_cherry"}]},{"type":"create:pressing","ingredients":[{"item":"railways:track_incomplete_blue_skies_cherry"}],"results":[{"item":"railways:track_incomplete_blue_skies_cherry"}]}],"transitionalItem":{"item":"railways:track_incomplete_blue_skies_cherry"}}: com.google.gson.JsonSyntaxException: Unknown item 'blue_skies:cherry_slab'
[22:23:10] [WARN] Error parsing recipe allthemodium:mek_processing/allthemodium/slurry/dirty/from_raw_block[mekanism:dissolution]: {"type":"mekanism:dissolution","gasInput":{"amount":2,"gas":"mekanism:sulfuric_acid"},"itemInput":{"ingredient":{"tag":"forge:storage_blocks/raw_allthemodium"}},"output":{"amount":6000,"chemicalType":"slurry","slurry":"allthemodium:dirty_allthemodium"},"conditions":[{"type":"forge:mod_loaded","modid":"mekanism"}]}: com.google.gson.JsonSyntaxException: Invalid slurry type 'allthemodium:dirty_allthemodium'
[22:23:10] [WARN] Error parsing recipe create_confectionery:black_chocolate_recipe_6[create:mixing]: {"group":"create_confectionery","type":"create:mixing","ingredients":[{"item":"create_confectionery:black_chocolate_bricks_wall"}],"results":[{"fluid":"create_confectionery:black_chocolate","amount":1000}],"heatRequirement":"heated"}: com.google.gson.JsonSyntaxException: Unknown item 'create_confectionery:black_chocolate_bricks_wall'
[22:23:10] [WARN] Error parsing recipe create:cutting/compat/blue_skies/cherry_log[create:cutting]: {"type":"create:cutting","conditions":[{"type":"forge:mod_loaded","modid":"blue_skies"}],"ingredients":[{"item":"blue_skies:cherry_log"}],"processingTime":50,"results":[{"item":"blue_skies:stripped_cherry_log"}]}: com.google.gson.JsonSyntaxException: Unknown item 'blue_skies:cherry_log'
[22:23:10] [WARN] Error parsing recipe railways:sequenced_assembly/track_biomesoplenty_cherry_narrow[create:sequenced_assembly]: {"fabric:load_conditions":[{"condition":"fabric:all_mods_loaded","values":["biomesoplenty"]}],"type":"create:sequenced_assembly","conditions":[{"type":"forge:mod_loaded","modid":"biomesoplenty"}],"ingredient":{"item":"biomesoplenty:cherry_slab"},"loops":1,"results":[{"item":"railways:track_biomesoplenty_cherry_narrow"}],"sequence":[{"type":"create:cutting","ingredients":[{"item":"railways:track_incomplete_biomesoplenty_cherry_narrow"}],"results":[{"item":"railways:track_incomplete_biomesoplenty_cherry_narrow"}]},{"type":"create:deploying","ingredients":[{"item":"railways:track_incomplete_biomesoplenty_cherry_narrow"},[{"tag":"railways:internal/nuggets/iron_nuggets"},{"tag":"railways:internal/nuggets/zinc_nuggets"}]],"results":[{"item":"railways:track_incomplete_biomesoplenty_cherry_narrow"}]},{"type":"create:pressing","ingredients":[{"item":"railways:track_incomplete_biomesoplenty_cherry_narrow"}],"results":[{"item":"railways:track_incomplete_biomesoplenty_cherry_narrow"}]}],"transitionalItem":{"item":"railways:track_incomplete_biomesoplenty_cherry_narrow"}}: com.google.gson.JsonSyntaxException: Unknown item 'biomesoplenty:cherry_slab'
[22:23:10] [WARN] Error parsing recipe create:cutting/compat/biomesoplenty/stripped_cherry_log[create:cutting]: {"type":"create:cutting","conditions":[{"type":"forge:mod_loaded","modid":"biomesoplenty"}],"ingredients":[{"item":"biomesoplenty:stripped_cherry_log"}],"processingTime":50,"results":[{"count":6,"item":"biomesoplenty:cherry_planks"}]}: com.google.gson.JsonSyntaxException: Unknown item 'biomesoplenty:stripped_cherry_log'
[22:23:10] [WARN] Error parsing recipe mekanism:crushing/allthecompressed/stone/2x_to_2x_cobblestone[mekanism:crushing]: {"type":"mekanism:crushing","input":{"ingredient":{"item":"allthecompressed:stone_block_2x"}},"output":{"item":"allthecompressed:cobblestone_block_2x"},"conditions":[{"type":"forge:and","values":[{"type":"forge:not","value":{"type":"forge:mod_loaded","modid":"compressium"}},{"type":"forge:mod_loaded","modid":"mekanism"}]}]}: com.google.gson.JsonSyntaxException: Unknown item 'allthecompressed:stone_block_2x'
[22:23:10] [WARN] Error parsing recipe allthemodium:mek_processing/unobtainium/slurry/dirty/from_raw_block[mekanism:dissolution]: {"type":"mekanism:dissolution","gasInput":{"amount":2,"gas":"mekanism:sulfuric_acid"},"itemInput":{"ingredient":{"tag":"forge:storage_blocks/raw_unobtainium"}},"output":{"amount":6000,"chemicalType":"slurry","slurry":"allthemodium:dirty_unobtainium"},"conditions":[{"type":"forge:mod_loaded","modid":"mekanism"}]}: com.google.gson.JsonSyntaxException: Invalid slurry type 'allthemodium:dirty_unobtainium'
[22:23:11] [WARN] Error parsing recipe create:cutting/compat/biomesoplenty/stripped_cherry_wood[create:cutting]: {"type":"create:cutting","conditions":[{"type":"forge:mod_loaded","modid":"biomesoplenty"}],"ingredients":[{"item":"biomesoplenty:stripped_cherry_wood"}],"processingTime":50,"results":[{"count":6,"item":"biomesoplenty:cherry_planks"}]}: com.google.gson.JsonSyntaxException: Unknown item 'biomesoplenty:stripped_cherry_wood'
[22:23:11] [WARN] Error parsing recipe productivebees:boxes/expansion_box_bop_fir[minecraft:crafting_shaped]: {"type":"minecraft:crafting_shaped","pattern":["WWW","WCW","WWW"],"key":{"W":{"item":"biomesoplenty:fir_planks"},"C":{"item":"minecraft:honeycomb"}},"result":{"item":"productivebees:expansion_box_bop_fir"},"conditions":[{"type":"forge:mod_loaded","modid":"biomesoplenty"}]}: com.google.gson.JsonSyntaxException: Unknown item 'productivebees:expansion_box_bop_fir'
[22:23:11] [WARN] Error parsing recipe mekanism:crushing/allthecompressed/gravel/9x_to_9x_sand[mekanism:crushing]: {"type":"mekanism:crushing","input":{"ingredient":{"item":"allthecompressed:gravel_block_9x"}},"output":{"item":"allthecompressed:sand_block_9x"},"conditions":[{"type":"forge:and","values":[{"type":"forge:not","value":{"type":"forge:mod_loaded","modid":"compressium"}},{"type":"forge:mod_loaded","modid":"mekanism"}]}]}: com.google.gson.JsonSyntaxException: Unknown item 'allthecompressed:gravel_block_9x'
[22:23:11] [WARN] Error parsing recipe mekanism:enriching/allthecompressed/red_sand/3x_to_3x_gravel[mekanism:enriching]: {"type":"mekanism:enriching","input":{"ingredient":{"item":"allthecompressed:red_sand_block_3x"}},"output":{"item":"allthecompressed:gravel_block_3x"},"conditions":[{"type":"forge:and","values":[{"type":"forge:not","value":{"type":"forge:mod_loaded","modid":"compressium"}},{"type":"forge:mod_loaded","modid":"mekanism"}]}]}: com.google.gson.JsonSyntaxException: Unknown item 'allthecompressed:red_sand_block_3x'
[22:23:11] [WARN] Error parsing recipe mekanism:crushing/allthecompressed/gravel/6x_to_6x_sand[mekanism:crushing]: {"type":"mekanism:crushing","input":{"ingredient":{"item":"allthecompressed:gravel_block_6x"}},"output":{"item":"allthecompressed:sand_block_6x"},"conditions":[{"type":"forge:and","values":[{"type":"forge:not","value":{"type":"forge:mod_loaded","modid":"compressium"}},{"type":"forge:mod_loaded","modid":"mekanism"}]}]}: com.google.gson.JsonSyntaxException: Unknown item 'allthecompressed:gravel_block_6x'
[22:23:11] [WARN] Error parsing recipe mekanism:crushing/allthecompressed/cobblestone/8x_to_8x_gravel[mekanism:crushing]: {"type":"mekanism:crushing","input":{"ingredient":{"item":"allthecompressed:cobblestone_block_8x"}},"output":{"item":"allthecompressed:gravel_block_8x"},"conditions":[{"type":"forge:and","values":[{"type":"forge:not","value":{"type":"forge:mod_loaded","modid":"compressium"}},{"type":"forge:mod_loaded","modid":"mekanism"}]}]}: com.google.gson.JsonSyntaxException: Unknown item 'allthecompressed:cobblestone_block_8x'
[22:23:11] [WARN] Error parsing recipe allthemodium:mek_processing/allthemodium/slurry/dirty[mekanism:dissolution]: {"type":"mekanism:dissolution","itemInput":{"ingredient":{"tag":"forge:ores/allthemodium"}},"gasInput":{"amount":1,"gas":"mekanism:sulfuric_acid"},"output":{"slurry":"allthemodium:dirty_allthemodium","amount":1000,"chemicalType":"slurry"},"conditions":[{"type":"forge:mod_loaded","modid":"mekanism"}]}: com.google.gson.JsonSyntaxException: Invalid slurry type 'allthemodium:dirty_allthemodium'
[22:23:11] [WARN] Error parsing recipe productivebees:centrifuge/chemlib/honeycomb_plutonium_dust[productivebees:centrifuge]: {"type":"productivebees:centrifuge","conditions":[{"type":"forge:mod_loaded","modid":"chemlib"},{"type":"forge:mod_loaded","modid":"gtceu"},{"type":"productivebees:bee_exists","bee":"productivebees:plutonium"}],"ingredient":{"type":"forge:nbt","count":1,"item":"productivebees:configurable_honeycomb","nbt":"{EntityTag:{type:\"productivebees:plutonium\"}}"},"outputs":[{"item":{"tag":"forge:wax"}},{"chance":80,"item":{"item":"chemlib:plutonium_dust"}},{"amount":50,"fluid":{"tag":"forge:honey"}}]}: com.google.gson.JsonSyntaxException: Unknown item 'chemlib:plutonium_dust'
[22:23:11] [WARN] Error parsing recipe mekanism:enriching/allthecompressed/sand/6x_to_6x_gravel[mekanism:enriching]: {"type":"mekanism:enriching","input":{"ingredient":{"item":"allthecompressed:sand_block_6x"}},"output":{"item":"allthecompressed:gravel_block_6x"},"conditions":[{"type":"forge:and","values":[{"type":"forge:not","value":{"type":"forge:mod_loaded","modid":"compressium"}},{"type":"forge:mod_loaded","modid":"mekanism"}]}]}: com.google.gson.JsonSyntaxException: Unknown item 'allthecompressed:sand_block_6x'
[22:23:11] [WARN] Error parsing recipe mekanism:crushing/allthecompressed/cobblestone/2x_to_2x_gravel[mekanism:crushing]: {"type":"mekanism:crushing","input":{"ingredient":{"item":"allthecompressed:cobblestone_block_2x"}},"output":{"item":"allthecompressed:gravel_block_2x"},"conditions":[{"type":"forge:and","values":[{"type":"forge:not","value":{"type":"forge:mod_loaded","modid":"compressium"}},{"type":"forge:mod_loaded","modid":"mekanism"}]}]}: com.google.gson.JsonSyntaxException: Unknown item 'allthecompressed:cobblestone_block_2x'
[22:23:11] [WARN] Error parsing recipe create_confectionery:white_chocolate_recipe_6[create:mixing]: {"group":"create_confectionery","type":"create:mixing","ingredients":[{"item":"create_confectionery:white_chocolate_bricks_wall"}],"results":[{"fluid":"create_confectionery:white_chocolate","amount":1000}],"heatRequirement":"heated"}: com.google.gson.JsonSyntaxException: Unknown item 'create_confectionery:white_chocolate_bricks_wall'
[22:23:11] [WARN] Error parsing recipe mekanism:enriching/allthecompressed/red_sand/5x_to_5x_gravel[mekanism:enriching]: {"type":"mekanism:enriching","input":{"ingredient":{"item":"allthecompressed:red_sand_block_5x"}},"output":{"item":"allthecompressed:gravel_block_5x"},"conditions":[{"type":"forge:and","values":[{"type":"forge:not","value":{"type":"forge:mod_loaded","modid":"compressium"}},{"type":"forge:mod_loaded","modid":"mekanism"}]}]}: com.google.gson.JsonSyntaxException: Unknown item 'allthecompressed:red_sand_block_5x'
[22:23:11] [WARN] Error parsing recipe mekanism:crushing/allthecompressed/cobblestone/3x_to_3x_gravel[mekanism:crushing]: {"type":"mekanism:crushing","input":{"ingredient":{"item":"allthecompressed:cobblestone_block_3x"}},"output":{"item":"allthecompressed:gravel_block_3x"},"conditions":[{"type":"forge:and","values":[{"type":"forge:not","value":{"type":"forge:mod_loaded","modid":"compressium"}},{"type":"forge:mod_loaded","modid":"mekanism"}]}]}: com.google.gson.JsonSyntaxException: Unknown item 'allthecompressed:cobblestone_block_3x'
[22:23:11] [WARN] Error parsing recipe productivebees:boxes/expansion_box_bop_cherry[minecraft:crafting_shaped]: {"type":"minecraft:crafting_shaped","pattern":["WWW","WCW","WWW"],"key":{"W":{"item":"biomesoplenty:cherry_planks"},"C":{"item":"minecraft:honeycomb"}},"result":{"item":"productivebees:expansion_box_bop_cherry"},"conditions":[{"type":"forge:mod_loaded","modid":"biomesoplenty"}]}: com.google.gson.JsonSyntaxException: Unknown item 'biomesoplenty:cherry_planks'
[22:23:11] [WARN] Error parsing recipe productivebees:boxes/expansion_box_bop_redwood[minecraft:crafting_shaped]: {"type":"minecraft:crafting_shaped","pattern":["WWW","WCW","WWW"],"key":{"W":{"item":"biomesoplenty:redwood_planks"},"C":{"item":"minecraft:honeycomb"}},"result":{"item":"productivebees:expansion_box_bop_redwood"},"conditions":[{"type":"forge:mod_loaded","modid":"biomesoplenty"}]}: com.google.gson.JsonSyntaxException: Unknown item 'productivebees:expansion_box_bop_redwood'
[22:23:11] [WARN] Error parsing recipe allthemodium:mek_processing/vibranium/slurry/dirty/from_raw_block[mekanism:dissolution]: {"type":"mekanism:dissolution","gasInput":{"amount":2,"gas":"mekanism:sulfuric_acid"},"itemInput":{"ingredient":{"tag":"forge:storage_blocks/raw_vibranium"}},"output":{"amount":6000,"chemicalType":"slurry","slurry":"allthemodium:dirty_vibranium"},"conditions":[{"type":"forge:mod_loaded","modid":"mekanism"}]}: com.google.gson.JsonSyntaxException: Invalid slurry type 'allthemodium:dirty_vibranium'
[22:23:11] [WARN] Error parsing recipe create_confectionery:chocolate_recipe_6[create:mixing]: {"group":"create_confectionery","type":"create:mixing","ingredients":[{"item":"create_confectionery:chocolate_bricks_wall"}],"results":[{"fluid":"create:chocolate","amount":1000}],"heatRequirement":"heated"}: com.google.gson.JsonSyntaxException: Unknown item 'create_confectionery:chocolate_bricks_wall'
[22:23:11] [WARN] Error parsing recipe mekanism:crushing/allthecompressed/gravel/1x_to_1x_sand[mekanism:crushing]: {"type":"mekanism:crushing","input":{"ingredient":{"item":"allthecompressed:gravel_block_1x"}},"output":{"item":"allthecompressed:sand_block_1x"},"conditions":[{"type":"forge:and","values":[{"type":"forge:not","value":{"type":"forge:mod_loaded","modid":"compressium"}},{"type":"forge:mod_loaded","modid":"mekanism"}]}]}: com.google.gson.JsonSyntaxException: Unknown item 'allthecompressed:gravel_block_1x'
[22:23:11] [WARN] Error parsing recipe mekanism:enriching/allthecompressed/red_sand/7x_to_7x_gravel[mekanism:enriching]: {"type":"mekanism:enriching","input":{"ingredient":{"item":"allthecompressed:red_sand_block_7x"}},"output":{"item":"allthecompressed:gravel_block_7x"},"conditions":[{"type":"forge:and","values":[{"type":"forge:not","value":{"type":"forge:mod_loaded","modid":"compressium"}},{"type":"forge:mod_loaded","modid":"mekanism"}]}]}: com.google.gson.JsonSyntaxException: Unknown item 'allthecompressed:red_sand_block_7x'
[22:23:11] [WARN] Error parsing recipe mekanism:crushing/allthecompressed/stone/8x_to_8x_cobblestone[mekanism:crushing]: {"type":"mekanism:crushing","input":{"ingredient":{"item":"allthecompressed:stone_block_8x"}},"output":{"item":"allthecompressed:cobblestone_block_8x"},"conditions":[{"type":"forge:and","values":[{"type":"forge:not","value":{"type":"forge:mod_loaded","modid":"compressium"}},{"type":"forge:mod_loaded","modid":"mekanism"}]}]}: com.google.gson.JsonSyntaxException: Unknown item 'allthecompressed:stone_block_8x'
[22:23:11] [WARN] Error parsing recipe productivebees:boxes/expansion_box_bop_magic[minecraft:crafting_shaped]: {"type":"minecraft:crafting_shaped","pattern":["WWW","WCW","WWW"],"key":{"W":{"item":"biomesoplenty:magic_planks"},"C":{"item":"minecraft:honeycomb"}},"result":{"item":"productivebees:expansion_box_bop_magic"},"conditions":[{"type":"forge:mod_loaded","modid":"biomesoplenty"}]}: com.google.gson.JsonSyntaxException: Unknown item 'productivebees:expansion_box_bop_magic'
[22:23:11] [WARN] Error parsing recipe mekanism:enriching/allthecompressed/sand/2x_to_2x_gravel[mekanism:enriching]: {"type":"mekanism:enriching","input":{"ingredient":{"item":"allthecompressed:sand_block_2x"}},"output":{"item":"allthecompressed:gravel_block_2x"},"conditions":[{"type":"forge:and","values":[{"type":"forge:not","value":{"type":"forge:mod_loaded","modid":"compressium"}},{"type":"forge:mod_loaded","modid":"mekanism"}]}]}: com.google.gson.JsonSyntaxException: Unknown item 'allthecompressed:sand_block_2x'
[22:23:11] [WARN] Error parsing recipe mekanism:enriching/allthecompressed/red_sand/6x_to_6x_gravel[mekanism:enriching]: {"type":"mekanism:enriching","input":{"ingredient":{"item":"allthecompressed:red_sand_block_6x"}},"output":{"item":"allthecompressed:gravel_block_6x"},"conditions":[{"type":"forge:and","values":[{"type":"forge:not","value":{"type":"forge:mod_loaded","modid":"compressium"}},{"type":"forge:mod_loaded","modid":"mekanism"}]}]}: com.google.gson.JsonSyntaxException: Unknown item 'allthecompressed:red_sand_block_6x'
[22:23:11] [WARN] Error parsing recipe mekanism:crushing/allthecompressed/gravel/4x_to_4x_sand[mekanism:crushing]: {"type":"mekanism:crushing","input":{"ingredient":{"item":"allthecompressed:gravel_block_4x"}},"output":{"item":"allthecompressed:sand_block_4x"},"conditions":[{"type":"forge:and","values":[{"type":"forge:not","value":{"type":"forge:mod_loaded","modid":"compressium"}},{"type":"forge:mod_loaded","modid":"mekanism"}]}]}: com.google.gson.JsonSyntaxException: Unknown item 'allthecompressed:gravel_block_4x'
[22:23:11] [WARN] Error parsing recipe mekanism:crushing/allthecompressed/cobblestone/4x_to_4x_gravel[mekanism:crushing]: {"type":"mekanism:crushing","input":{"ingredient":{"item":"allthecompressed:cobblestone_block_4x"}},"output":{"item":"allthecompressed:gravel_block_4x"},"conditions":[{"type":"forge:and","values":[{"type":"forge:not","value":{"type":"forge:mod_loaded","modid":"compressium"}},{"type":"forge:mod_loaded","modid":"mekanism"}]}]}: com.google.gson.JsonSyntaxException: Unknown item 'allthecompressed:cobblestone_block_4x'
[22:23:11] [WARN] Error parsing recipe allthemodium:mek_processing/unobtainium/slurry/from_raw_ore[mekanism:dissolution]: {"type":"mekanism:dissolution","itemInput":{"amount":3,"ingredient":{"tag":"forge:raw_materials/unobtainium"}},"gasInput":{"amount":1,"gas":"mekanism:sulfuric_acid"},"output":{"slurry":"allthemodium:dirty_unobtainium","amount":2000,"chemicalType":"slurry"},"conditions":[{"type":"forge:mod_loaded","modid":"mekanism"}]}: com.google.gson.JsonSyntaxException: Invalid slurry type 'allthemodium:dirty_unobtainium'
[22:23:11] [WARN] Error parsing recipe mekanism:crushing/allthecompressed/gravel/2x_to_2x_sand[mekanism:crushing]: {"type":"mekanism:crushing","input":{"ingredient":{"item":"allthecompressed:gravel_block_2x"}},"output":{"item":"allthecompressed:sand_block_2x"},"conditions":[{"type":"forge:and","values":[{"type":"forge:not","value":{"type":"forge:mod_loaded","modid":"compressium"}},{"type":"forge:mod_loaded","modid":"mekanism"}]}]}: com.google.gson.JsonSyntaxException: Unknown item 'allthecompressed:gravel_block_2x'
[22:23:11] [WARN] Error parsing recipe productivebees:boxes/expansion_box_bop_willow[minecraft:crafting_shaped]: {"type":"minecraft:crafting_shaped","pattern":["WWW","WCW","WWW"],"key":{"W":{"item":"biomesoplenty:willow_planks"},"C":{"item":"minecraft:honeycomb"}},"result":{"item":"productivebees:expansion_box_bop_willow"},"conditions":[{"type":"forge:mod_loaded","modid":"biomesoplenty"}]}: com.google.gson.JsonSyntaxException: Unknown item 'productivebees:expansion_box_bop_willow'
[22:23:11] [WARN] Error parsing recipe create:cutting/compat/forbidden_arcanus/stripped_mysterywood_log[create:cutting]: {"type":"create:cutting","conditions":[{"type":"forge:mod_loaded","modid":"forbidden_arcanus"}],"ingredients":[{"item":"forbidden_arcanus:stripped_mysterywood_log"}],"processingTime":50,"results":[{"count":6,"item":"forbidden_arcanus:mysterywood_planks"}]}: com.google.gson.JsonSyntaxException: Unknown item 'forbidden_arcanus:stripped_mysterywood_log'
[22:23:11] [WARN] Error parsing recipe mekanism:crushing/allthecompressed/cobblestone/5x_to_5x_gravel[mekanism:crushing]: {"type":"mekanism:crushing","input":{"ingredient":{"item":"allthecompressed:cobblestone_block_5x"}},"output":{"item":"allthecompressed:gravel_block_5x"},"conditions":[{"type":"forge:and","values":[{"type":"forge:not","value":{"type":"forge:mod_loaded","modid":"compressium"}},{"type":"forge:mod_loaded","modid":"mekanism"}]}]}: com.google.gson.JsonSyntaxException: Unknown item 'allthecompressed:cobblestone_block_5x'
[22:23:11] [WARN] Error parsing recipe mekanism:crushing/allthecompressed/stone/1x_to_1x_cobblestone[mekanism:crushing]: {"type":"mekanism:crushing","input":{"ingredient":{"item":"allthecompressed:stone_block_1x"}},"output":{"item":"allthecompressed:cobblestone_block_1x"},"conditions":[{"type":"forge:and","values":[{"type":"forge:not","value":{"type":"forge:mod_loaded","modid":"compressium"}},{"type":"forge:mod_loaded","modid":"mekanism"}]}]}: com.google.gson.JsonSyntaxException: Unknown item 'allthecompressed:stone_block_1x'
[22:23:11] [WARN] Error parsing recipe mekanism:enriching/allthecompressed/sand/9x_to_9x_gravel[mekanism:enriching]: {"type":"mekanism:enriching","input":{"ingredient":{"item":"allthecompressed:sand_block_9x"}},"output":{"item":"allthecompressed:gravel_block_9x"},"conditions":[{"type":"forge:and","values":[{"type":"forge:not","value":{"type":"forge:mod_loaded","modid":"compressium"}},{"type":"forge:mod_loaded","modid":"mekanism"}]}]}: com.google.gson.JsonSyntaxException: Unknown item 'allthecompressed:sand_block_9x'
[22:23:11] [INFO] Added 372 recipes, removed 76 recipes, modified 14 recipes, with 107 failed recipes in 1.133 s
