[22:22:08] [INIT] KubeJS 2001.6.3-build.52; MC 2001 forge
[22:22:08] [INIT] Loaded plugins:
[22:22:08] [INIT] - dev.latvian.mods.kubejs.forge.BuiltinKubeJSForgePlugin
[22:22:08] [INIT] - com.lowdragmc.lowdraglib.kjs.LDLibKubeJSPlugin
[22:22:08] [INIT] - dev.ftb.mods.ftbxmodcompat.ftbquests.kubejs.KubeJSIntegration
[22:22:08] [INIT] - dev.ftb.mods.ftbxmodcompat.ftbchunks.kubejs.FTBChunksKubeJSPlugin
[22:22:08] [INIT] - com.tom.createores.kubejs.KubeJSExcavation
[22:22:08] [INIT] - com.almostreliable.morejs.Plugin
[22:22:08] [INIT] - com.almostreliable.ponderjs.PonderJSPlugin
[22:22:08] [INIT] - com.gregtechceu.gtceu.integration.kjs.GregTechKubeJSPlugin
[22:22:09] [INFO] Loaded script startup_scripts:custom_additions.js in 0.103 s
[22:22:09] [INFO] farmingForBlockheads.js#8: Loaded Java class 'net.blay09.mods.farmingforblockheads.api.FarmingForBlockheadsAPI'
[22:22:09] [INFO] Loaded script startup_scripts:farmingForBlockheads.js in 0.017 s
[22:22:09] [INFO] Loaded script startup_scripts:gtceu/gregstar_placeholders.js in 0.001 s
[22:22:09] [INFO] gtceu/material_modification.js#1: Loaded Java class 'com.gregtechceu.gtceu.api.data.chemical.material.properties.PropertyKey'
[22:22:09] [INFO] gtceu/material_modification.js#2: Loaded Java class 'com.gregtechceu.gtceu.api.data.chemical.material.properties.FluidProperty'
[22:22:09] [INFO] gtceu/material_modification.js#3: Loaded Java class 'com.gregtechceu.gtceu.api.fluids.store.FluidStorageKeys'
[22:22:09] [INFO] Loaded script startup_scripts:gtceu/material_modification.js in 0.036 s
[22:22:10] [INFO] Loaded script startup_scripts:gtceu/starforge.js in 0.025 s
[22:22:10] [INFO] mekanismStartup.js#16: Loaded Java class 'mekanism.api.chemical.slurry.Slurry'
[22:22:10] [INFO] mekanismStartup.js#17: Loaded Java class 'mekanism.api.chemical.slurry.SlurryBuilder'
[22:22:10] [INFO] Loaded script startup_scripts:mekanismStartup.js in 0.019 s
[22:22:10] [INFO] Loaded script startup_scripts:mining_dim_layers.js in 0.001 s
[22:22:10] [INFO] Loaded script startup_scripts:settings.js in 0.005 s
[22:22:10] [INFO] Loaded script startup_scripts:worldgen.js in 0.001 s
[22:22:10] [INFO] Loaded 9/9 KubeJS startup scripts in 1.787 s
[22:22:10] [WARN] custom_additions.js#2: blockBuilder.material(string) is no longer supported! Use .soundType(SoundType) and .mapColor(MapColor) instead!
